{
    "timestamp": "2026-01-20T08:14:15+00:00",
    "message": "SQLSTATE[HY093]: Invalid parameter number",
    "file": "C:\\Users\\weber\\Desktop\\DE4\\app\\Core\\Model.php",
    "line": 59,
    "trace": "#0 C:\\Users\\weber\\Desktop\\DE4\\app\\Core\\Model.php(59): PDOStatement->execute(Array)\n#1 C:\\Users\\weber\\Desktop\\DE4\\app\\Core\\Model.php(200): App\\Core\\Model->query('SELECT COUNT(*)...', Array)\n#2 C:\\Users\\weber\\Desktop\\DE4\\app\\Controllers\\ProductController.php(75): App\\Core\\Model->paginate(1, 12, '*', NULL, 'status = 'activ...', Array, 'featured DESC, ...')\n#3 [internal function]: App\\Controllers\\ProductController->index()\n#4 C:\\Users\\weber\\Desktop\\DE4\\app\\Core\\Router.php(138): call_user_func_array(Array, Array)\n#5 C:\\Users\\weber\\Desktop\\DE4\\app\\Core\\Router.php(109): App\\Core\\Router->invokeHandler('ProductControll...', Array)\n#6 C:\\Users\\weber\\Desktop\\DE4\\public\\index.php(87): App\\Core\\Router->dispatch()\n#7 {main}",
    "uri": "\/shop?search=laptop",
    "method": "GET",
    "ip": "::1",
    "user_id": "guest"
}

{
    "timestamp": "2026-01-20T08:27:54+00:00",
    "message": "SQLSTATE[HY093]: Invalid parameter number",
    "file": "C:\\Users\\weber\\Desktop\\DE4\\app\\Core\\Model.php",
    "line": 59,
    "trace": "#0 C:\\Users\\weber\\Desktop\\DE4\\app\\Core\\Model.php(59): PDOStatement->execute(Array)\n#1 C:\\Users\\weber\\Desktop\\DE4\\app\\Core\\Model.php(200): App\\Core\\Model->query('SELECT COUNT(*)...', Array)\n#2 C:\\Users\\weber\\Desktop\\DE4\\app\\Controllers\\ProductController.php(75): App\\Core\\Model->paginate(1, 12, '*', NULL, 'status = 'activ...', Array, 'featured DESC, ...')\n#3 [internal function]: App\\Controllers\\ProductController->index()\n#4 C:\\Users\\weber\\Desktop\\DE4\\app\\Core\\Router.php(138): call_user_func_array(Array, Array)\n#5 C:\\Users\\weber\\Desktop\\DE4\\app\\Core\\Router.php(109): App\\Core\\Router->invokeHandler('ProductControll...', Array)\n#6 C:\\Users\\weber\\Desktop\\DE4\\public\\index.php(87): App\\Core\\Router->dispatch()\n#7 {main}",
    "uri": "\/shop?search=laptop",
    "method": "GET",
    "ip": "::1",
    "user_id": "guest"
}

{
    "timestamp": "2026-01-20T08:28:56+00:00",
    "message": "SQLSTATE[HY093]: Invalid parameter number",
    "file": "C:\\Users\\weber\\Desktop\\DE4\\app\\Core\\Model.php",
    "line": 59,
    "trace": "#0 C:\\Users\\weber\\Desktop\\DE4\\app\\Core\\Model.php(59): PDOStatement->execute(Array)\n#1 C:\\Users\\weber\\Desktop\\DE4\\app\\Core\\Model.php(200): App\\Core\\Model->query('SELECT COUNT(*)...', Array)\n#2 C:\\Users\\weber\\Desktop\\DE4\\app\\Controllers\\ProductController.php(75): App\\Core\\Model->paginate(1, 12, '*', NULL, 'status = 'activ...', Array, 'featured DESC, ...')\n#3 [internal function]: App\\Controllers\\ProductController->index()\n#4 C:\\Users\\weber\\Desktop\\DE4\\app\\Core\\Router.php(138): call_user_func_array(Array, Array)\n#5 C:\\Users\\weber\\Desktop\\DE4\\app\\Core\\Router.php(109): App\\Core\\Router->invokeHandler('ProductControll...', Array)\n#6 C:\\Users\\weber\\Desktop\\DE4\\public\\index.php(87): App\\Core\\Router->dispatch()\n#7 {main}",
    "uri": "\/shop?search=laptop",
    "method": "GET",
    "ip": "::1",
    "user_id": "guest"
}

{
    "timestamp": "2026-01-20T08:29:03+00:00",
    "message": "SQLSTATE[HY093]: Invalid parameter number",
    "file": "C:\\Users\\weber\\Desktop\\DE4\\app\\Core\\Model.php",
    "line": 59,
    "trace": "#0 C:\\Users\\weber\\Desktop\\DE4\\app\\Core\\Model.php(59): PDOStatement->execute(Array)\n#1 C:\\Users\\weber\\Desktop\\DE4\\app\\Core\\Model.php(200): App\\Core\\Model->query('SELECT COUNT(*)...', Array)\n#2 C:\\Users\\weber\\Desktop\\DE4\\app\\Controllers\\ProductController.php(75): App\\Core\\Model->paginate(1, 12, '*', NULL, 'status = 'activ...', Array, 'featured DESC, ...')\n#3 [internal function]: App\\Controllers\\ProductController->index()\n#4 C:\\Users\\weber\\Desktop\\DE4\\app\\Core\\Router.php(138): call_user_func_array(Array, Array)\n#5 C:\\Users\\weber\\Desktop\\DE4\\app\\Core\\Router.php(109): App\\Core\\Router->invokeHandler('ProductControll...', Array)\n#6 C:\\Users\\weber\\Desktop\\DE4\\public\\index.php(87): App\\Core\\Router->dispatch()\n#7 {main}",
    "uri": "\/shop?search=laptop",
    "method": "GET",
    "ip": "::1",
    "user_id": "guest"
}

{
    "timestamp": "2026-01-20T10:12:35+00:00",
    "message": "SQLSTATE[HY093]: Invalid parameter number",
    "file": "C:\\Users\\weber\\Desktop\\DE4\\app\\Core\\Model.php",
    "line": 59,
    "trace": "#0 C:\\Users\\weber\\Desktop\\DE4\\app\\Core\\Model.php(59): PDOStatement->execute(Array)\n#1 C:\\Users\\weber\\Desktop\\DE4\\app\\Core\\Model.php(200): App\\Core\\Model->query('SELECT COUNT(*)...', Array)\n#2 C:\\Users\\weber\\Desktop\\DE4\\app\\Controllers\\ProductController.php(75): App\\Core\\Model->paginate(1, 12, '*', NULL, 'status = 'activ...', Array, 'featured DESC, ...')\n#3 [internal function]: App\\Controllers\\ProductController->index()\n#4 C:\\Users\\weber\\Desktop\\DE4\\app\\Core\\Router.php(138): call_user_func_array(Array, Array)\n#5 C:\\Users\\weber\\Desktop\\DE4\\app\\Core\\Router.php(109): App\\Core\\Router->invokeHandler('ProductControll...', Array)\n#6 C:\\Users\\weber\\Desktop\\DE4\\public\\index.php(92): App\\Core\\Router->dispatch()\n#7 {main}",
    "uri": "\/shop?search=laptop",
    "method": "GET",
    "ip": "::1",
    "user_id": "guest"
}

{
    "timestamp": "2026-01-20T10:12:43+00:00",
    "message": "SQLSTATE[HY093]: Invalid parameter number",
    "file": "C:\\Users\\weber\\Desktop\\DE4\\app\\Core\\Model.php",
    "line": 59,
    "trace": "#0 C:\\Users\\weber\\Desktop\\DE4\\app\\Core\\Model.php(59): PDOStatement->execute(Array)\n#1 C:\\Users\\weber\\Desktop\\DE4\\app\\Core\\Model.php(200): App\\Core\\Model->query('SELECT COUNT(*)...', Array)\n#2 C:\\Users\\weber\\Desktop\\DE4\\app\\Controllers\\ProductController.php(75): App\\Core\\Model->paginate(1, 12, '*', NULL, 'status = 'activ...', Array, 'featured DESC, ...')\n#3 [internal function]: App\\Controllers\\ProductController->index()\n#4 C:\\Users\\weber\\Desktop\\DE4\\app\\Core\\Router.php(138): call_user_func_array(Array, Array)\n#5 C:\\Users\\weber\\Desktop\\DE4\\app\\Core\\Router.php(109): App\\Core\\Router->invokeHandler('ProductControll...', Array)\n#6 C:\\Users\\weber\\Desktop\\DE4\\public\\index.php(92): App\\Core\\Router->dispatch()\n#7 {main}",
    "uri": "\/shop?search=laptop",
    "method": "GET",
    "ip": "::1",
    "user_id": "guest"
}

